<?xml version="1.0" encoding="UTF-8"?>
<testsuite xmlns:xsi="http://www.w3.org/2001/XMLSchema-instance" xsi:noNamespaceSchemaLocation="https://maven.apache.org/surefire/maven-surefire-plugin/xsd/surefire-test-report.xsd" name="com.cucumlips.maven.eclipse.AppTest" time="1.085" tests="2" errors="0" skipped="0" failures="0">
  <properties>
[...]
</properties>
  <testcase name="Add two positive numbers" classname="Add" time="0.184"/>
  <testcase name="Substracting 4 from 5" classname="Add" time="0.02"/>
</testsuite>